<?xml version="1.0" encoding="UTF-8"?>
<!-- Generated by org.testng.reporters.JUnitXMLReporter -->
<testsuite hostname="MONO-HYD-LAP-41" name="Test" tests="3" failures="0" timestamp="16 Jul 2019 14:06:50 GMT" time="25.562" errors="0">
  <testcase name="performanceTestOnWOP" time="6.565" classname="com.run.test.PushingXMLDataToActiveMQ"/>
  <testcase name="performanceTestOnMP" time="9.519" classname="com.run.test.PushingXMLDataToActiveMQ"/>
  <testcase name="performanceTestOnMEDIATOR" time="9.409" classname="com.run.test.PushingXMLDataToActiveMQ"/>
</testsuite> <!-- Test -->
