<?xml version="1.0" encoding="UTF-8"?>
<!-- Generated by org.testng.reporters.JUnitXMLReporter -->
<testsuite hostname="MONO-HYD-LAP-37" ignored="0" name="MP TO WOP Test" tests="6" failures="0" timestamp="18 Sep 2018 14:44:36 GMT" time="11.294" errors="0">
  <testcase name="TitleComparison" time="0.206" classname="com.runner.test.MPtoWOPComparisonTest"/>
  <testcase name="AMCNIDComparison" time="0.15" classname="com.runner.test.MPtoWOPComparisonTest"/>
  <testcase name="AssetTypeComparison" time="0.158" classname="com.runner.test.MPtoWOPComparisonTest"/>
  <testcase name="ReleaseYearComparison" time="0.175" classname="com.runner.test.MPtoWOPComparisonTest"/>
  <testcase name="AssetSourceComparison" time="0.165" classname="com.runner.test.MPtoWOPComparisonTest"/>
  <testcase name="OwnerNetworkComparison" time="0.102" classname="com.runner.test.MPtoWOPComparisonTest"/>
</testsuite> <!-- MP TO WOP Test -->
