<?xml version="1.0" encoding="UTF-8"?>
<!-- Generated by org.testng.reporters.JUnitXMLReporter -->
<testsuite hostname="MONO-HYD-LAP-37" ignored="0" name="RL TO WOP" tests="3" failures="0" timestamp="18 Sep 2018 14:44:44 GMT" time="6.759" errors="0">
  <testcase name="AMCNIDComparison" time="0.129" classname="com.runner.test.RLtoWOPComparisonTest"/>
  <testcase name="ReleaseYearComparison" time="0.111" classname="com.runner.test.RLtoWOPComparisonTest"/>
  <testcase name="AssetTypeComparison" time="0.109" classname="com.runner.test.RLtoWOPComparisonTest"/>
</testsuite> <!-- RL TO WOP -->
