<?xml version="1.0" encoding="UTF-8"?>
<!-- Generated by org.testng.reporters.JUnitXMLReporter -->
<testsuite hostname="MONO-HYD-LAP-41" ignored="0" name="Test" tests="3" failures="0" timestamp="29 Oct 2018 17:59:21 GMT" time="27.426" errors="0">
  <testcase name="performanceTestOnWOP" time="4.192" classname="com.run.test.CallingActiveMQ"/>
  <testcase name="performanceTestOnMP" time="9.991" classname="com.run.test.CallingActiveMQ"/>
  <testcase name="performanceTestOnMEDIATOR" time="13.152" classname="com.run.test.CallingActiveMQ"/>
</testsuite> <!-- Test -->
