<?xml version="1.0" encoding="UTF-8"?>
<!-- Generated by org.testng.reporters.JUnitXMLReporter -->
<testsuite hostname="MONO-HYD-LAP-37" ignored="0" name="Zeus To WOP" tests="3" failures="0" timestamp="18 Sep 2018 14:44:59 GMT" time="15.238" errors="0">
  <testcase name="AspectRatioComparison" time="4.315" classname="com.runner.test.ZeustoWOPParamcomparisonTest"/>
  <testcase name="VideoFormatComparison" time="3.134" classname="com.runner.test.ZeustoWOPParamcomparisonTest"/>
  <testcase name="SegmentCountComparison" time="3.178" classname="com.runner.test.ZeustoWOPParamcomparisonTest"/>
</testsuite> <!-- Zeus To WOP -->
